<?xml version="1.0" encoding="UTF-8"?>
<!-- Generated by org.testng.reporters.JUnitReportReporter -->
<testsuite hostname="LAPTOP-56UNM9HO" failures="0" tests="1" name="VerifyLeadsTest.verifyleadsTest" time="3.357" errors="0" timestamp="2022-04-27T11:24:16 IST" skipped="0">
  <testcase classname="VerifyLeadsTest.verifyleadsTest" name="vverifyleadstest" time="3.357"/>
  <system-out>
    <![CDATA[vverifyleadstest method started
CRM Home  is Displayed, PASS
leadspage is Displayed
vverifyleadstest method passed]]>
  </system-out>
</testsuite> <!-- VerifyLeadsTest.verifyleadsTest -->
