<?xml version="1.0" encoding="UTF-8"?>
<!-- Generated by org.testng.reporters.JUnitReportReporter -->
<testsuite hostname="LAPTOP-56UNM9HO" failures="0" tests="1" name="VerifyCreationofNewLeadTest.VerifyNewlead" time="13.590" errors="0" timestamp="2022-04-27T11:24:16 IST" skipped="0">
  <testcase classname="VerifyCreationofNewLeadTest.VerifyNewlead" name="verifyLeadCreation" time="13.590"/>
  <system-out>
    <![CDATA[verifyLeadCreation method started
CRM Home  is Displayed, PASS
verifyLeadCreation method passed]]>
  </system-out>
</testsuite> <!-- VerifyCreationofNewLeadTest.VerifyNewlead -->
