<?xml version="1.0" encoding="UTF-8"?>
<!-- Generated by org.testng.reporters.JUnitReportReporter -->
<testsuite hostname="LAPTOP-56UNM9HO" failures="0" tests="1" name="com.crm.verifyAccount.verifyAccounts" time="11.120" errors="0" timestamp="2022-04-27T11:24:16 IST" skipped="0">
  <testcase classname="com.crm.verifyAccount.verifyAccounts" name="verifyAccountsTest" time="11.120"/>
  <system-out>
    <![CDATA[verifyAccountsTest method started
CRM Home  is Displayed, PASS
accounts is Displayed
verifyAccountsTest method passed]]>
  </system-out>
</testsuite> <!-- com.crm.verifyAccount.verifyAccounts -->
