<?xml version="1.0" encoding="UTF-8"?>
<!-- Generated by org.testng.reporters.JUnitReportReporter -->
<testsuite hostname="LAPTOP-56UNM9HO" failures="0" tests="1" name="VerifyContactsTest.verifycontactstest" time="6.304" errors="0" timestamp="2022-04-27T11:24:16 IST" skipped="0">
  <testcase classname="VerifyContactsTest.verifycontactstest" name="verifycontactstext" time="6.304"/>
  <system-out>
    <![CDATA[verifycontactstext method started
CRM Home  is Displayed, PASS
contacts page is Displayed
verifycontactstext method passed]]>
  </system-out>
</testsuite> <!-- VerifyContactsTest.verifycontactstest -->
