<?xml version="1.0" encoding="UTF-8"?>
<!-- Generated by org.testng.reporters.JUnitReportReporter -->
<testsuite skipped="0" hostname="LAPTOP-SGM7QTR8" name="com.nt.trunkil.verifyLeadsTest" tests="1" failures="0" timestamp="21 Apr 2022 14:26:32 GMT" time="1.635" errors="0">
  <testcase name="verifyleadstext" time="1.635" classname="com.nt.trunkil.verifyLeadsTest"/>
</testsuite> <!-- com.nt.trunkil.verifyLeadsTest -->
