<?xml version="1.0" encoding="UTF-8"?>
<!-- Generated by org.testng.reporters.JUnitReportReporter -->
<testsuite skipped="0" hostname="LAPTOP-SGM7QTR8" name="com.Trunkil.Leads.VerifyLeadsButton" tests="1" failures="0" timestamp="20 Apr 2022 03:07:34 GMT" time="1.325" errors="0">
  <testcase name="verifyLeadsTest" time="1.325" classname="com.Trunkil.Leads.VerifyLeadsButton"/>
</testsuite> <!-- com.Trunkil.Leads.VerifyLeadsButton -->
