<?xml version="1.0" encoding="UTF-8"?>
<!-- Generated by org.testng.reporters.JUnitReportReporter -->
<testsuite skipped="0" hostname="LAPTOP-SGM7QTR8" name="com.trunkilCRM.validateaccounts.ValidateContacts" tests="1" failures="0" timestamp="23 Apr 2022 06:48:35 GMT" time="14.998" errors="0">
  <testcase name="verifyContacts" time="14.998" classname="com.trunkilCRM.validateaccounts.ValidateContacts"/>
</testsuite> <!-- com.trunkilCRM.validateaccounts.ValidateContacts -->
